cl : línea de comandos  warning D9025: invalidando '/MD' con '/MT'
cl : línea de comandos  warning D9025: invalidando '/MD' con '/MT'
  adler32.c
cl : línea de comandos  warning D9025: invalidando '/MD' con '/MT'
cl : línea de comandos  warning D9025: invalidando '/MD' con '/MT'
cl : línea de comandos  warning D9025: invalidando '/MD' con '/MT'
cl : línea de comandos  warning D9025: invalidando '/MD' con '/MT'
  compress.c
cl : línea de comandos  warning D9025: invalidando '/MD' con '/MT'
  crc32.c
cl : línea de comandos  warning D9025: invalidando '/MD' con '/MT'
cl : línea de comandos  warning D9025: invalidando '/MD' con '/MT'
  deflate.c
cl : línea de comandos  warning D9025: invalidando '/MD' con '/MT'
  gzclose.c
  gzlib.c
  gzread.c
cl : línea de comandos  warning D9025: invalidando '/MD' con '/MT'
  gzwrite.c
cl : línea de comandos  warning D9025: invalidando '/MD' con '/MT'
cl : línea de comandos  warning D9025: invalidando '/MD' con '/MT'
  infback.c
  inffast.c
  inflate.c
  inftrees.c
  trees.c
F:\Compiled\ReEngine\Vendor\zlib\gzlib.c(193,15): warning C4996: 'wcstombs': This function or variable may be unsafe. Consider using wcstombs_s instead. To disable deprecation, use _CRT_SECURE_NO_WARNINGS. See online help for details.
F:\Compiled\ReEngine\Vendor\zlib\gzlib.c(208,13): warning C4996: 'wcstombs': This function or variable may be unsafe. Consider using wcstombs_s instead. To disable deprecation, use _CRT_SECURE_NO_WARNINGS. See online help for details.
F:\Compiled\ReEngine\Vendor\zlib\gzlib.c(243,20): warning C4996: '_wopen': This function or variable may be unsafe. Consider using _wsopen_s instead. To disable deprecation, use _CRT_SECURE_NO_WARNINGS. See online help for details.
F:\Compiled\ReEngine\Vendor\zlib\gzlib.c(245,9): warning C4996: 'open': The POSIX name for this item is deprecated. Instead, use the ISO C and C++ conformant name: _open. See online help for details.
F:\Compiled\ReEngine\Vendor\zlib\gzread.c(35,15): warning C4996: 'read': The POSIX name for this item is deprecated. Instead, use the ISO C and C++ conformant name: _read. See online help for details.
F:\Compiled\ReEngine\Vendor\zlib\gzread.c(41,34): warning C4996: 'strerror': This function or variable may be unsafe. Consider using strerror_s instead. To disable deprecation, use _CRT_SECURE_NO_WARNINGS. See online help for details.
F:\Compiled\ReEngine\Vendor\zlib\gzread.c(319,17): warning C4267: '=': conversión de 'size_t' a 'unsigned int'; posible pérdida de datos
F:\Compiled\ReEngine\Vendor\zlib\gzread.c(400,11): warning C4267: '=': conversión de 'size_t' a 'unsigned int'; posible pérdida de datos
F:\Compiled\ReEngine\Vendor\zlib\gzread.c(472,11): warning C4267: '=': conversión de 'size_t' a 'int'; posible pérdida de datos
F:\Compiled\ReEngine\Vendor\zlib\gzread.c(651,11): warning C4996: 'close': The POSIX name for this item is deprecated. Instead, use the ISO C and C++ conformant name: _close. See online help for details.
F:\Compiled\ReEngine\Vendor\zlib\gzwrite.c(89,20): warning C4996: 'write': The POSIX name for this item is deprecated. Instead, use the ISO C and C++ conformant name: _write. See online help for details.
F:\Compiled\ReEngine\Vendor\zlib\gzwrite.c(91,42): warning C4996: 'strerror': This function or variable may be unsafe. Consider using strerror_s instead. To disable deprecation, use _CRT_SECURE_NO_WARNINGS. See online help for details.
F:\Compiled\ReEngine\Vendor\zlib\gzwrite.c(110,24): warning C4996: 'write': The POSIX name for this item is deprecated. Instead, use the ISO C and C++ conformant name: _write. See online help for details.
F:\Compiled\ReEngine\Vendor\zlib\gzwrite.c(112,46): warning C4996: 'strerror': This function or variable may be unsafe. Consider using strerror_s instead. To disable deprecation, use _CRT_SECURE_NO_WARNINGS. See online help for details.
F:\Compiled\ReEngine\Vendor\zlib\gzwrite.c(212,24): warning C4267: '=': conversión de 'size_t' a 'unsigned int'; posible pérdida de datos
F:\Compiled\ReEngine\Vendor\zlib\gzwrite.c(232,21): warning C4267: '=': conversión de 'size_t' a 'unsigned int'; posible pérdida de datos
F:\Compiled\ReEngine\Vendor\zlib\gzwrite.c(371,11): warning C4267: '=': conversión de 'size_t' a 'int'; posible pérdida de datos
F:\Compiled\ReEngine\Vendor\zlib\gzwrite.c(661,9): warning C4996: 'close': The POSIX name for this item is deprecated. Instead, use the ISO C and C++ conformant name: _close. See online help for details.
  uncompr.c
  zutil.c
  zlibstatic.vcxproj -> F:\Compiled\ReEngine\Vendor\zlib\bin\Debug\zlibstatic\zlibstatic.lib
