f:\compiled\reengine\vendor\zlib\bin-int\debug\zlibstatic\gzlib.obj
f:\compiled\reengine\vendor\zlib\bin-int\debug\zlibstatic\infback.obj
f:\compiled\reengine\vendor\zlib\bin-int\debug\zlibstatic\deflate.obj
f:\compiled\reengine\vendor\zlib\bin-int\debug\zlibstatic\compress.obj
f:\compiled\reengine\vendor\zlib\bin-int\debug\zlibstatic\zutil.obj
f:\compiled\reengine\vendor\zlib\bin-int\debug\zlibstatic\inftrees.obj
f:\compiled\reengine\vendor\zlib\bin-int\debug\zlibstatic\trees.obj
f:\compiled\reengine\vendor\zlib\bin-int\debug\zlibstatic\crc32.obj
f:\compiled\reengine\vendor\zlib\bin-int\debug\zlibstatic\gzread.obj
f:\compiled\reengine\vendor\zlib\bin-int\debug\zlibstatic\inffast.obj
f:\compiled\reengine\vendor\zlib\bin-int\debug\zlibstatic\adler32.obj
f:\compiled\reengine\vendor\zlib\bin-int\debug\zlibstatic\uncompr.obj
f:\compiled\reengine\vendor\zlib\bin-int\debug\zlibstatic\gzclose.obj
f:\compiled\reengine\vendor\zlib\bin-int\debug\zlibstatic\gzwrite.obj
f:\compiled\reengine\vendor\zlib\bin-int\debug\zlibstatic\inflate.obj
f:\compiled\reengine\vendor\zlib\bin\debug\zlibstatic\zlibstatic.pdb
f:\compiled\reengine\vendor\zlib\bin\debug\zlibstatic\zlibstatic.lib
f:\compiled\reengine\vendor\zlib\bin-int\debug\zlibstatic\zlibstatic.tlog\cl.10024.write.1.tlog
f:\compiled\reengine\vendor\zlib\bin-int\debug\zlibstatic\zlibstatic.tlog\cl.command.1.tlog
f:\compiled\reengine\vendor\zlib\bin-int\debug\zlibstatic\zlibstatic.tlog\cl.read.1.tlog
f:\compiled\reengine\vendor\zlib\bin-int\debug\zlibstatic\zlibstatic.tlog\lib-link.read.1.tlog
f:\compiled\reengine\vendor\zlib\bin-int\debug\zlibstatic\zlibstatic.tlog\lib-link.write.1.tlog
f:\compiled\reengine\vendor\zlib\bin-int\debug\zlibstatic\zlibstatic.tlog\lib.command.1.tlog
